The system is: Linux - 2.6.32-754.29.2.el6.x86_64 - x86_64
Compiling the C compiler identification source file "CMakeCCompilerId.c" succeeded.
Compiler: /usr/bin/cc 
Build flags: 
Id flags:  

The output was:
0


Compilation of the C compiler identification source "CMakeCCompilerId.c" produced "a.out"

The C compiler identification is GNU, found in "/home/users/mschpc/2019/xgai/partitioner/parallel/CMakeFiles/3.18.1/CompilerIdC/a.out"

Detecting C compiler ABI info compiled with the following output:
Change Dir: /home/users/mschpc/2019/xgai/partitioner/parallel/CMakeFiles/CMakeTmp

Run Build Command(s):/usr/bin/gmake cmTC_d1993/fast && /usr/bin/gmake  -f CMakeFiles/cmTC_d1993.dir/build.make CMakeFiles/cmTC_d1993.dir/build
gmake[1]: Entering directory `/home/users/mschpc/2019/xgai/partitioner/parallel/CMakeFiles/CMakeTmp'
Building C object CMakeFiles/cmTC_d1993.dir/CMakeCCompilerABI.c.o
/usr/bin/cc   -v -o CMakeFiles/cmTC_d1993.dir/CMakeCCompilerABI.c.o -c /home/support/apps/cports/rhel-6.x86_64/gnu/cmake/3.18.1/share/cmake-3.18/Modules/CMakeCCompilerABI.c
Using built-in specs.
Target: x86_64-redhat-linux
Configured with: ../configure --prefix=/usr --mandir=/usr/share/man --infodir=/usr/share/info --with-bugurl=http://bugzilla.redhat.com/bugzilla --enable-bootstrap --enable-shared --enable-threads=posix --enable-checking=release --with-system-zlib --enable-__cxa_atexit --disable-libunwind-exceptions --enable-gnu-unique-object --enable-languages=c,c++,objc,obj-c++,java,fortran,ada --enable-java-awt=gtk --disable-dssi --with-java-home=/usr/lib/jvm/java-1.5.0-gcj-1.5.0.0/jre --enable-libgcj-multifile --enable-java-maintainer-mode --with-ecj-jar=/usr/share/java/eclipse-ecj.jar --disable-libjava-multilib --with-ppl --with-cloog --with-tune=generic --with-arch_32=i686 --build=x86_64-redhat-linux
Thread model: posix
gcc version 4.4.7 20120313 (Red Hat 4.4.7-23) (GCC) 
COLLECT_GCC_OPTIONS='-v' '-o' 'CMakeFiles/cmTC_d1993.dir/CMakeCCompilerABI.c.o' '-c' '-mtune=generic'
 /usr/libexec/gcc/x86_64-redhat-linux/4.4.7/cc1 -quiet -v /home/support/apps/cports/rhel-6.x86_64/gnu/cmake/3.18.1/share/cmake-3.18/Modules/CMakeCCompilerABI.c -quiet -dumpbase CMakeCCompilerABI.c -mtune=generic -auxbase-strip CMakeFiles/cmTC_d1993.dir/CMakeCCompilerABI.c.o -version -o /tmp/cc5Vt6Kg.s
ignoring nonexistent directory "/usr/lib/gcc/x86_64-redhat-linux/4.4.7/include-fixed"
ignoring nonexistent directory "/usr/lib/gcc/x86_64-redhat-linux/4.4.7/../../../../x86_64-redhat-linux/include"
#include "..." search starts here:
#include <...> search starts here:
 /home/support/apps/cports/rhel-6.x86_64/gnu/openmpi/3.1.3/include
 /home/support/apps/cports/rhel-6.x86_64/gnu/gcc/9.2.0/include
 /usr/local/include
 /usr/lib/gcc/x86_64-redhat-linux/4.4.7/include
 /usr/include
End of search list.
GNU C (GCC) version 4.4.7 20120313 (Red Hat 4.4.7-23) (x86_64-redhat-linux)
	compiled by GNU C version 4.4.7 20120313 (Red Hat 4.4.7-23), GMP version 4.3.1, MPFR version 2.4.1.
GGC heuristics: --param ggc-min-expand=100 --param ggc-min-heapsize=131072
Compiler executable checksum: ed60b854feaa6350bc62e0027ef34626
COLLECT_GCC_OPTIONS='-v' '-o' 'CMakeFiles/cmTC_d1993.dir/CMakeCCompilerABI.c.o' '-c' '-mtune=generic'
 as -V -Qy -o CMakeFiles/cmTC_d1993.dir/CMakeCCompilerABI.c.o /tmp/cc5Vt6Kg.s
GNU assembler version 2.20.51.0.2 (x86_64-redhat-linux) using BFD version version 2.20.51.0.2-5.48.el6_10.1 20100205
COMPILER_PATH=/usr/libexec/gcc/x86_64-redhat-linux/4.4.7/:/usr/libexec/gcc/x86_64-redhat-linux/4.4.7/:/usr/libexec/gcc/x86_64-redhat-linux/:/usr/lib/gcc/x86_64-redhat-linux/4.4.7/:/usr/lib/gcc/x86_64-redhat-linux/:/usr/libexec/gcc/x86_64-redhat-linux/4.4.7/:/usr/libexec/gcc/x86_64-redhat-linux/:/usr/lib/gcc/x86_64-redhat-linux/4.4.7/:/usr/lib/gcc/x86_64-redhat-linux/
LIBRARY_PATH=/home/support/apps/cports/rhel-6.x86_64/gnu/gcc/9.2.0/lib64/../lib64/:/home/support/apps/cports/rhel-6.x86_64/gnu/gcc/9.2.0/lib/../lib64/:/usr/lib/gcc/x86_64-redhat-linux/4.4.7/:/usr/lib/gcc/x86_64-redhat-linux/4.4.7/:/usr/lib/gcc/x86_64-redhat-linux/4.4.7/../../../../lib64/:/lib/../lib64/:/usr/lib/../lib64/:/home/support/apps/cports/rhel-6.x86_64/gnu/openmpi/3.1.3/lib/:/home/support/apps/cports/rhel-6.x86_64/gnu/gcc/9.2.0/lib64/:/home/support/apps/cports/rhel-6.x86_64/gnu/gcc/9.2.0/lib/:/usr/lib/gcc/x86_64-redhat-linux/4.4.7/../../../:/lib/:/usr/lib/
COLLECT_GCC_OPTIONS='-v' '-o' 'CMakeFiles/cmTC_d1993.dir/CMakeCCompilerABI.c.o' '-c' '-mtune=generic'
Linking C executable cmTC_d1993
/home/support/apps/cports/rhel-6.x86_64/gnu/cmake/3.18.1/bin/cmake -E cmake_link_script CMakeFiles/cmTC_d1993.dir/link.txt --verbose=1
/usr/bin/cc  -v CMakeFiles/cmTC_d1993.dir/CMakeCCompilerABI.c.o -o cmTC_d1993 
Using built-in specs.
Target: x86_64-redhat-linux
Configured with: ../configure --prefix=/usr --mandir=/usr/share/man --infodir=/usr/share/info --with-bugurl=http://bugzilla.redhat.com/bugzilla --enable-bootstrap --enable-shared --enable-threads=posix --enable-checking=release --with-system-zlib --enable-__cxa_atexit --disable-libunwind-exceptions --enable-gnu-unique-object --enable-languages=c,c++,objc,obj-c++,java,fortran,ada --enable-java-awt=gtk --disable-dssi --with-java-home=/usr/lib/jvm/java-1.5.0-gcj-1.5.0.0/jre --enable-libgcj-multifile --enable-java-maintainer-mode --with-ecj-jar=/usr/share/java/eclipse-ecj.jar --disable-libjava-multilib --with-ppl --with-cloog --with-tune=generic --with-arch_32=i686 --build=x86_64-redhat-linux
Thread model: posix
gcc version 4.4.7 20120313 (Red Hat 4.4.7-23) (GCC) 
COMPILER_PATH=/usr/libexec/gcc/x86_64-redhat-linux/4.4.7/:/usr/libexec/gcc/x86_64-redhat-linux/4.4.7/:/usr/libexec/gcc/x86_64-redhat-linux/:/usr/lib/gcc/x86_64-redhat-linux/4.4.7/:/usr/lib/gcc/x86_64-redhat-linux/:/usr/libexec/gcc/x86_64-redhat-linux/4.4.7/:/usr/libexec/gcc/x86_64-redhat-linux/:/usr/lib/gcc/x86_64-redhat-linux/4.4.7/:/usr/lib/gcc/x86_64-redhat-linux/
LIBRARY_PATH=/home/support/apps/cports/rhel-6.x86_64/gnu/gcc/9.2.0/lib64/../lib64/:/home/support/apps/cports/rhel-6.x86_64/gnu/gcc/9.2.0/lib/../lib64/:/usr/lib/gcc/x86_64-redhat-linux/4.4.7/:/usr/lib/gcc/x86_64-redhat-linux/4.4.7/:/usr/lib/gcc/x86_64-redhat-linux/4.4.7/../../../../lib64/:/lib/../lib64/:/usr/lib/../lib64/:/home/support/apps/cports/rhel-6.x86_64/gnu/openmpi/3.1.3/lib/:/home/support/apps/cports/rhel-6.x86_64/gnu/gcc/9.2.0/lib64/:/home/support/apps/cports/rhel-6.x86_64/gnu/gcc/9.2.0/lib/:/usr/lib/gcc/x86_64-redhat-linux/4.4.7/../../../:/lib/:/usr/lib/
COLLECT_GCC_OPTIONS='-v' '-o' 'cmTC_d1993' '-mtune=generic'
 /usr/libexec/gcc/x86_64-redhat-linux/4.4.7/collect2 --eh-frame-hdr --build-id -m elf_x86_64 --hash-style=gnu -dynamic-linker /lib64/ld-linux-x86-64.so.2 -o cmTC_d1993 /usr/lib/gcc/x86_64-redhat-linux/4.4.7/../../../../lib64/crt1.o /usr/lib/gcc/x86_64-redhat-linux/4.4.7/../../../../lib64/crti.o /usr/lib/gcc/x86_64-redhat-linux/4.4.7/crtbegin.o -L/home/support/apps/cports/rhel-6.x86_64/gnu/gcc/9.2.0/lib64/../lib64 -L/home/support/apps/cports/rhel-6.x86_64/gnu/gcc/9.2.0/lib/../lib64 -L/usr/lib/gcc/x86_64-redhat-linux/4.4.7 -L/usr/lib/gcc/x86_64-redhat-linux/4.4.7 -L/usr/lib/gcc/x86_64-redhat-linux/4.4.7/../../../../lib64 -L/lib/../lib64 -L/usr/lib/../lib64 -L/home/support/apps/cports/rhel-6.x86_64/gnu/openmpi/3.1.3/lib -L/home/support/apps/cports/rhel-6.x86_64/gnu/gcc/9.2.0/lib64 -L/home/support/apps/cports/rhel-6.x86_64/gnu/gcc/9.2.0/lib -L/usr/lib/gcc/x86_64-redhat-linux/4.4.7/../../.. CMakeFiles/cmTC_d1993.dir/CMakeCCompilerABI.c.o -lgcc --as-needed -lgcc_s --no-as-needed -lc -lgcc --as-needed -lgcc_s --no-as-needed /usr/lib/gcc/x86_64-redhat-linux/4.4.7/crtend.o /usr/lib/gcc/x86_64-redhat-linux/4.4.7/../../../../lib64/crtn.o
gmake[1]: Leaving directory `/home/users/mschpc/2019/xgai/partitioner/parallel/CMakeFiles/CMakeTmp'



Parsed C implicit include dir info from above output: rv=done
  found start of include info
  found start of implicit include info
    add: [/home/support/apps/cports/rhel-6.x86_64/gnu/openmpi/3.1.3/include]
    add: [/home/support/apps/cports/rhel-6.x86_64/gnu/gcc/9.2.0/include]
    add: [/usr/local/include]
    add: [/usr/lib/gcc/x86_64-redhat-linux/4.4.7/include]
    add: [/usr/include]
  end of search list found
  collapse include dir [/home/support/apps/cports/rhel-6.x86_64/gnu/openmpi/3.1.3/include] ==> [/home/support/apps/cports/rhel-6.x86_64/gnu/openmpi/3.1.3/include]
  collapse include dir [/home/support/apps/cports/rhel-6.x86_64/gnu/gcc/9.2.0/include] ==> [/home/support/apps/cports/rhel-6.x86_64/gnu/gcc/9.2.0/include]
  collapse include dir [/usr/local/include] ==> [/usr/local/include]
  collapse include dir [/usr/lib/gcc/x86_64-redhat-linux/4.4.7/include] ==> [/usr/lib/gcc/x86_64-redhat-linux/4.4.7/include]
  collapse include dir [/usr/include] ==> [/usr/include]
  implicit include dirs: [/home/support/apps/cports/rhel-6.x86_64/gnu/openmpi/3.1.3/include;/home/support/apps/cports/rhel-6.x86_64/gnu/gcc/9.2.0/include;/usr/local/include;/usr/lib/gcc/x86_64-redhat-linux/4.4.7/include;/usr/include]


Parsed C implicit link information from above output:
  link line regex: [^( *|.*[/\])(ld|CMAKE_LINK_STARTFILE-NOTFOUND|([^/\]+-)?ld|collect2)[^/\]*( |$)]
  ignore line: [Change Dir: /home/users/mschpc/2019/xgai/partitioner/parallel/CMakeFiles/CMakeTmp]
  ignore line: []
  ignore line: [Run Build Command(s):/usr/bin/gmake cmTC_d1993/fast && /usr/bin/gmake  -f CMakeFiles/cmTC_d1993.dir/build.make CMakeFiles/cmTC_d1993.dir/build]
  ignore line: [gmake[1]: Entering directory `/home/users/mschpc/2019/xgai/partitioner/parallel/CMakeFiles/CMakeTmp']
  ignore line: [Building C object CMakeFiles/cmTC_d1993.dir/CMakeCCompilerABI.c.o]
  ignore line: [/usr/bin/cc   -v -o CMakeFiles/cmTC_d1993.dir/CMakeCCompilerABI.c.o -c /home/support/apps/cports/rhel-6.x86_64/gnu/cmake/3.18.1/share/cmake-3.18/Modules/CMakeCCompilerABI.c]
  ignore line: [Using built-in specs.]
  ignore line: [Target: x86_64-redhat-linux]
  ignore line: [Configured with: ../configure --prefix=/usr --mandir=/usr/share/man --infodir=/usr/share/info --with-bugurl=http://bugzilla.redhat.com/bugzilla --enable-bootstrap --enable-shared --enable-threads=posix --enable-checking=release --with-system-zlib --enable-__cxa_atexit --disable-libunwind-exceptions --enable-gnu-unique-object --enable-languages=c c++ objc obj-c++ java fortran ada --enable-java-awt=gtk --disable-dssi --with-java-home=/usr/lib/jvm/java-1.5.0-gcj-1.5.0.0/jre --enable-libgcj-multifile --enable-java-maintainer-mode --with-ecj-jar=/usr/share/java/eclipse-ecj.jar --disable-libjava-multilib --with-ppl --with-cloog --with-tune=generic --with-arch_32=i686 --build=x86_64-redhat-linux]
  ignore line: [Thread model: posix]
  ignore line: [gcc version 4.4.7 20120313 (Red Hat 4.4.7-23) (GCC) ]
  ignore line: [COLLECT_GCC_OPTIONS='-v' '-o' 'CMakeFiles/cmTC_d1993.dir/CMakeCCompilerABI.c.o' '-c' '-mtune=generic']
  ignore line: [ /usr/libexec/gcc/x86_64-redhat-linux/4.4.7/cc1 -quiet -v /home/support/apps/cports/rhel-6.x86_64/gnu/cmake/3.18.1/share/cmake-3.18/Modules/CMakeCCompilerABI.c -quiet -dumpbase CMakeCCompilerABI.c -mtune=generic -auxbase-strip CMakeFiles/cmTC_d1993.dir/CMakeCCompilerABI.c.o -version -o /tmp/cc5Vt6Kg.s]
  ignore line: [ignoring nonexistent directory "/usr/lib/gcc/x86_64-redhat-linux/4.4.7/include-fixed"]
  ignore line: [ignoring nonexistent directory "/usr/lib/gcc/x86_64-redhat-linux/4.4.7/../../../../x86_64-redhat-linux/include"]
  ignore line: [#include "..." search starts here:]
  ignore line: [#include <...> search starts here:]
  ignore line: [ /home/support/apps/cports/rhel-6.x86_64/gnu/openmpi/3.1.3/include]
  ignore line: [ /home/support/apps/cports/rhel-6.x86_64/gnu/gcc/9.2.0/include]
  ignore line: [ /usr/local/include]
  ignore line: [ /usr/lib/gcc/x86_64-redhat-linux/4.4.7/include]
  ignore line: [ /usr/include]
  ignore line: [End of search list.]
  ignore line: [GNU C (GCC) version 4.4.7 20120313 (Red Hat 4.4.7-23) (x86_64-redhat-linux)]
  ignore line: [	compiled by GNU C version 4.4.7 20120313 (Red Hat 4.4.7-23)  GMP version 4.3.1  MPFR version 2.4.1.]
  ignore line: [GGC heuristics: --param ggc-min-expand=100 --param ggc-min-heapsize=131072]
  ignore line: [Compiler executable checksum: ed60b854feaa6350bc62e0027ef34626]
  ignore line: [COLLECT_GCC_OPTIONS='-v' '-o' 'CMakeFiles/cmTC_d1993.dir/CMakeCCompilerABI.c.o' '-c' '-mtune=generic']
  ignore line: [ as -V -Qy -o CMakeFiles/cmTC_d1993.dir/CMakeCCompilerABI.c.o /tmp/cc5Vt6Kg.s]
  ignore line: [GNU assembler version 2.20.51.0.2 (x86_64-redhat-linux) using BFD version version 2.20.51.0.2-5.48.el6_10.1 20100205]
  ignore line: [COMPILER_PATH=/usr/libexec/gcc/x86_64-redhat-linux/4.4.7/:/usr/libexec/gcc/x86_64-redhat-linux/4.4.7/:/usr/libexec/gcc/x86_64-redhat-linux/:/usr/lib/gcc/x86_64-redhat-linux/4.4.7/:/usr/lib/gcc/x86_64-redhat-linux/:/usr/libexec/gcc/x86_64-redhat-linux/4.4.7/:/usr/libexec/gcc/x86_64-redhat-linux/:/usr/lib/gcc/x86_64-redhat-linux/4.4.7/:/usr/lib/gcc/x86_64-redhat-linux/]
  ignore line: [LIBRARY_PATH=/home/support/apps/cports/rhel-6.x86_64/gnu/gcc/9.2.0/lib64/../lib64/:/home/support/apps/cports/rhel-6.x86_64/gnu/gcc/9.2.0/lib/../lib64/:/usr/lib/gcc/x86_64-redhat-linux/4.4.7/:/usr/lib/gcc/x86_64-redhat-linux/4.4.7/:/usr/lib/gcc/x86_64-redhat-linux/4.4.7/../../../../lib64/:/lib/../lib64/:/usr/lib/../lib64/:/home/support/apps/cports/rhel-6.x86_64/gnu/openmpi/3.1.3/lib/:/home/support/apps/cports/rhel-6.x86_64/gnu/gcc/9.2.0/lib64/:/home/support/apps/cports/rhel-6.x86_64/gnu/gcc/9.2.0/lib/:/usr/lib/gcc/x86_64-redhat-linux/4.4.7/../../../:/lib/:/usr/lib/]
  ignore line: [COLLECT_GCC_OPTIONS='-v' '-o' 'CMakeFiles/cmTC_d1993.dir/CMakeCCompilerABI.c.o' '-c' '-mtune=generic']
  ignore line: [Linking C executable cmTC_d1993]
  ignore line: [/home/support/apps/cports/rhel-6.x86_64/gnu/cmake/3.18.1/bin/cmake -E cmake_link_script CMakeFiles/cmTC_d1993.dir/link.txt --verbose=1]
  ignore line: [/usr/bin/cc  -v CMakeFiles/cmTC_d1993.dir/CMakeCCompilerABI.c.o -o cmTC_d1993 ]
  ignore line: [Using built-in specs.]
  ignore line: [Target: x86_64-redhat-linux]
  ignore line: [Configured with: ../configure --prefix=/usr --mandir=/usr/share/man --infodir=/usr/share/info --with-bugurl=http://bugzilla.redhat.com/bugzilla --enable-bootstrap --enable-shared --enable-threads=posix --enable-checking=release --with-system-zlib --enable-__cxa_atexit --disable-libunwind-exceptions --enable-gnu-unique-object --enable-languages=c c++ objc obj-c++ java fortran ada --enable-java-awt=gtk --disable-dssi --with-java-home=/usr/lib/jvm/java-1.5.0-gcj-1.5.0.0/jre --enable-libgcj-multifile --enable-java-maintainer-mode --with-ecj-jar=/usr/share/java/eclipse-ecj.jar --disable-libjava-multilib --with-ppl --with-cloog --with-tune=generic --with-arch_32=i686 --build=x86_64-redhat-linux]
  ignore line: [Thread model: posix]
  ignore line: [gcc version 4.4.7 20120313 (Red Hat 4.4.7-23) (GCC) ]
  ignore line: [COMPILER_PATH=/usr/libexec/gcc/x86_64-redhat-linux/4.4.7/:/usr/libexec/gcc/x86_64-redhat-linux/4.4.7/:/usr/libexec/gcc/x86_64-redhat-linux/:/usr/lib/gcc/x86_64-redhat-linux/4.4.7/:/usr/lib/gcc/x86_64-redhat-linux/:/usr/libexec/gcc/x86_64-redhat-linux/4.4.7/:/usr/libexec/gcc/x86_64-redhat-linux/:/usr/lib/gcc/x86_64-redhat-linux/4.4.7/:/usr/lib/gcc/x86_64-redhat-linux/]
  ignore line: [LIBRARY_PATH=/home/support/apps/cports/rhel-6.x86_64/gnu/gcc/9.2.0/lib64/../lib64/:/home/support/apps/cports/rhel-6.x86_64/gnu/gcc/9.2.0/lib/../lib64/:/usr/lib/gcc/x86_64-redhat-linux/4.4.7/:/usr/lib/gcc/x86_64-redhat-linux/4.4.7/:/usr/lib/gcc/x86_64-redhat-linux/4.4.7/../../../../lib64/:/lib/../lib64/:/usr/lib/../lib64/:/home/support/apps/cports/rhel-6.x86_64/gnu/openmpi/3.1.3/lib/:/home/support/apps/cports/rhel-6.x86_64/gnu/gcc/9.2.0/lib64/:/home/support/apps/cports/rhel-6.x86_64/gnu/gcc/9.2.0/lib/:/usr/lib/gcc/x86_64-redhat-linux/4.4.7/../../../:/lib/:/usr/lib/]
  ignore line: [COLLECT_GCC_OPTIONS='-v' '-o' 'cmTC_d1993' '-mtune=generic']
  link line: [ /usr/libexec/gcc/x86_64-redhat-linux/4.4.7/collect2 --eh-frame-hdr --build-id -m elf_x86_64 --hash-style=gnu -dynamic-linker /lib64/ld-linux-x86-64.so.2 -o cmTC_d1993 /usr/lib/gcc/x86_64-redhat-linux/4.4.7/../../../../lib64/crt1.o /usr/lib/gcc/x86_64-redhat-linux/4.4.7/../../../../lib64/crti.o /usr/lib/gcc/x86_64-redhat-linux/4.4.7/crtbegin.o -L/home/support/apps/cports/rhel-6.x86_64/gnu/gcc/9.2.0/lib64/../lib64 -L/home/support/apps/cports/rhel-6.x86_64/gnu/gcc/9.2.0/lib/../lib64 -L/usr/lib/gcc/x86_64-redhat-linux/4.4.7 -L/usr/lib/gcc/x86_64-redhat-linux/4.4.7 -L/usr/lib/gcc/x86_64-redhat-linux/4.4.7/../../../../lib64 -L/lib/../lib64 -L/usr/lib/../lib64 -L/home/support/apps/cports/rhel-6.x86_64/gnu/openmpi/3.1.3/lib -L/home/support/apps/cports/rhel-6.x86_64/gnu/gcc/9.2.0/lib64 -L/home/support/apps/cports/rhel-6.x86_64/gnu/gcc/9.2.0/lib -L/usr/lib/gcc/x86_64-redhat-linux/4.4.7/../../.. CMakeFiles/cmTC_d1993.dir/CMakeCCompilerABI.c.o -lgcc --as-needed -lgcc_s --no-as-needed -lc -lgcc --as-needed -lgcc_s --no-as-needed /usr/lib/gcc/x86_64-redhat-linux/4.4.7/crtend.o /usr/lib/gcc/x86_64-redhat-linux/4.4.7/../../../../lib64/crtn.o]
    arg [/usr/libexec/gcc/x86_64-redhat-linux/4.4.7/collect2] ==> ignore
    arg [--eh-frame-hdr] ==> ignore
    arg [--build-id] ==> ignore
    arg [-m] ==> ignore
    arg [elf_x86_64] ==> ignore
    arg [--hash-style=gnu] ==> ignore
    arg [-dynamic-linker] ==> ignore
    arg [/lib64/ld-linux-x86-64.so.2] ==> ignore
    arg [-o] ==> ignore
    arg [cmTC_d1993] ==> ignore
    arg [/usr/lib/gcc/x86_64-redhat-linux/4.4.7/../../../../lib64/crt1.o] ==> ignore
    arg [/usr/lib/gcc/x86_64-redhat-linux/4.4.7/../../../../lib64/crti.o] ==> ignore
    arg [/usr/lib/gcc/x86_64-redhat-linux/4.4.7/crtbegin.o] ==> ignore
    arg [-L/home/support/apps/cports/rhel-6.x86_64/gnu/gcc/9.2.0/lib64/../lib64] ==> dir [/home/support/apps/cports/rhel-6.x86_64/gnu/gcc/9.2.0/lib64/../lib64]
    arg [-L/home/support/apps/cports/rhel-6.x86_64/gnu/gcc/9.2.0/lib/../lib64] ==> dir [/home/support/apps/cports/rhel-6.x86_64/gnu/gcc/9.2.0/lib/../lib64]
    arg [-L/usr/lib/gcc/x86_64-redhat-linux/4.4.7] ==> dir [/usr/lib/gcc/x86_64-redhat-linux/4.4.7]
    arg [-L/usr/lib/gcc/x86_64-redhat-linux/4.4.7] ==> dir [/usr/lib/gcc/x86_64-redhat-linux/4.4.7]
    arg [-L/usr/lib/gcc/x86_64-redhat-linux/4.4.7/../../../../lib64] ==> dir [/usr/lib/gcc/x86_64-redhat-linux/4.4.7/../../../../lib64]
    arg [-L/lib/../lib64] ==> dir [/lib/../lib64]
    arg [-L/usr/lib/../lib64] ==> dir [/usr/lib/../lib64]
    arg [-L/home/support/apps/cports/rhel-6.x86_64/gnu/openmpi/3.1.3/lib] ==> dir [/home/support/apps/cports/rhel-6.x86_64/gnu/openmpi/3.1.3/lib]
    arg [-L/home/support/apps/cports/rhel-6.x86_64/gnu/gcc/9.2.0/lib64] ==> dir [/home/support/apps/cports/rhel-6.x86_64/gnu/gcc/9.2.0/lib64]
    arg [-L/home/support/apps/cports/rhel-6.x86_64/gnu/gcc/9.2.0/lib] ==> dir [/home/support/apps/cports/rhel-6.x86_64/gnu/gcc/9.2.0/lib]
    arg [-L/usr/lib/gcc/x86_64-redhat-linux/4.4.7/../../..] ==> dir [/usr/lib/gcc/x86_64-redhat-linux/4.4.7/../../..]
    arg [CMakeFiles/cmTC_d1993.dir/CMakeCCompilerABI.c.o] ==> ignore
    arg [-lgcc] ==> lib [gcc]
    arg [--as-needed] ==> ignore
    arg [-lgcc_s] ==> lib [gcc_s]
    arg [--no-as-needed] ==> ignore
    arg [-lc] ==> lib [c]
    arg [-lgcc] ==> lib [gcc]
    arg [--as-needed] ==> ignore
    arg [-lgcc_s] ==> lib [gcc_s]
    arg [--no-as-needed] ==> ignore
    arg [/usr/lib/gcc/x86_64-redhat-linux/4.4.7/crtend.o] ==> ignore
    arg [/usr/lib/gcc/x86_64-redhat-linux/4.4.7/../../../../lib64/crtn.o] ==> ignore
  collapse library dir [/home/support/apps/cports/rhel-6.x86_64/gnu/gcc/9.2.0/lib64/../lib64] ==> [/home/support/apps/cports/rhel-6.x86_64/gnu/gcc/9.2.0/lib64]
  collapse library dir [/home/support/apps/cports/rhel-6.x86_64/gnu/gcc/9.2.0/lib/../lib64] ==> [/home/support/apps/cports/rhel-6.x86_64/gnu/gcc/9.2.0/lib64]
  collapse library dir [/usr/lib/gcc/x86_64-redhat-linux/4.4.7] ==> [/usr/lib/gcc/x86_64-redhat-linux/4.4.7]
  collapse library dir [/usr/lib/gcc/x86_64-redhat-linux/4.4.7] ==> [/usr/lib/gcc/x86_64-redhat-linux/4.4.7]
  collapse library dir [/usr/lib/gcc/x86_64-redhat-linux/4.4.7/../../../../lib64] ==> [/usr/lib64]
  collapse library dir [/lib/../lib64] ==> [/lib64]
  collapse library dir [/usr/lib/../lib64] ==> [/usr/lib64]
  collapse library dir [/home/support/apps/cports/rhel-6.x86_64/gnu/openmpi/3.1.3/lib] ==> [/home/support/apps/cports/rhel-6.x86_64/gnu/openmpi/3.1.3/lib]
  collapse library dir [/home/support/apps/cports/rhel-6.x86_64/gnu/gcc/9.2.0/lib64] ==> [/home/support/apps/cports/rhel-6.x86_64/gnu/gcc/9.2.0/lib64]
  collapse library dir [/home/support/apps/cports/rhel-6.x86_64/gnu/gcc/9.2.0/lib] ==> [/home/support/apps/cports/rhel-6.x86_64/gnu/gcc/9.2.0/lib]
  collapse library dir [/usr/lib/gcc/x86_64-redhat-linux/4.4.7/../../..] ==> [/usr/lib]
  implicit libs: [gcc;gcc_s;c;gcc;gcc_s]
  implicit dirs: [/home/support/apps/cports/rhel-6.x86_64/gnu/gcc/9.2.0/lib64;/usr/lib/gcc/x86_64-redhat-linux/4.4.7;/usr/lib64;/lib64;/home/support/apps/cports/rhel-6.x86_64/gnu/openmpi/3.1.3/lib;/home/support/apps/cports/rhel-6.x86_64/gnu/gcc/9.2.0/lib;/usr/lib]
  implicit fwks: []


